2026-06-12 13:01:37,290 | INFO | Uygulama başlatıldı
2026-06-12 13:01:37,952 | INFO | 10 adet haber kaydedildi
2026-06-12 13:01:37,953 | INFO | Yayın metni oluşturuldu
2026-06-12 14:06:55,299 | INFO | Uygulama başlatıldı
2026-06-12 14:06:55,299 | INFO | RSS çekiliyor: BBC Türkçe
2026-06-12 14:06:55,571 | INFO | RSS tamamlandı: BBC Türkçe
2026-06-12 14:06:55,573 | INFO | 10 adet haber kaydedildi
2026-06-12 14:06:55,573 | INFO | Yayın metni oluşturuldu
2026-06-12 14:33:14,169 | INFO | Uygulama başlatıldı
2026-06-12 14:33:14,170 | INFO | RSS çekiliyor: BBC Türkçe
2026-06-12 14:33:14,371 | INFO | RSS tamamlandı: BBC Türkçe
2026-06-12 14:33:14,373 | INFO | 10 adet ham haber çekildi
2026-06-12 14:33:14,373 | INFO | 10 adet filtrelenmiş haber kaydedildi
2026-06-12 14:33:14,383 | INFO | Yayın metni oluşturuldu
2026-06-12 19:35:08,241 | INFO | Uygulama başlatıldı
2026-06-12 19:35:08,243 | INFO | RSS çekiliyor: BBC Türkçe
2026-06-12 19:35:08,565 | INFO | RSS tamamlandı: BBC Türkçe
2026-06-12 19:35:08,566 | INFO | 10 adet ham haber çekildi
2026-06-12 19:35:08,566 | INFO | 10 adet filtrelenmiş haber kaydedildi
2026-06-12 19:35:08,566 | INFO | Yayın metni oluşturuldu
2026-06-12 19:41:37,924 | INFO | Uygulama başlatıldı
2026-06-12 19:41:37,925 | INFO | RSS çekiliyor: BBC Türkçe
2026-06-12 19:41:38,181 | INFO | RSS tamamlandı: BBC Türkçe
2026-06-12 19:41:38,183 | INFO | 10 adet ham haber çekildi
2026-06-12 19:41:38,183 | INFO | 10 adet filtrelenmiş haber kaydedildi
2026-06-12 19:41:38,183 | INFO | Arşiv JSON oluşturuldu: C:\Users\korhan.ors\Desktop\Flashdisk Korhan\GitHub\arsiv\Projeler\AI Haber Yayın Sistemi\ai-news-system\data\raw\2026-06-12-news.json
2026-06-12 19:41:38,183 | INFO | Arşiv TXT oluşturuldu: C:\Users\korhan.ors\Desktop\Flashdisk Korhan\GitHub\arsiv\Projeler\AI Haber Yayın Sistemi\ai-news-system\outputs\scripts\2026-06-12-script.txt
2026-06-12 19:41:38,183 | INFO | Yayın metni oluşturuldu
2026-06-12 19:48:09,464 | INFO | Uygulama başlatıldı
2026-06-12 19:48:09,467 | INFO | RSS çekiliyor: BBC Türkçe
2026-06-12 19:48:09,714 | INFO | RSS tamamlandı: BBC Türkçe
2026-06-12 19:48:09,718 | INFO | 10 adet ham haber çekildi
2026-06-12 19:48:09,718 | INFO | 10 adet filtrelenmiş haber kaydedildi
2026-06-12 19:48:09,718 | INFO | Arşiv JSON oluşturuldu: C:\Users\korhan.ors\Desktop\Flashdisk Korhan\GitHub\arsiv\Projeler\AI Haber Yayın Sistemi\ai-news-system\data\raw\2026-06-12-news.json
2026-06-12 19:48:09,718 | INFO | Arşiv TXT oluşturuldu: C:\Users\korhan.ors\Desktop\Flashdisk Korhan\GitHub\arsiv\Projeler\AI Haber Yayın Sistemi\ai-news-system\outputs\scripts\2026-06-12-script.txt
2026-06-12 19:48:09,718 | INFO | Yayın metni oluşturuldu
2026-06-12 19:48:37,101 | INFO | Uygulama başlatıldı
2026-06-12 19:48:37,102 | INFO | RSS çekiliyor: BBC Türkçe
2026-06-12 19:48:37,591 | INFO | RSS tamamlandı: BBC Türkçe
2026-06-12 19:48:37,593 | INFO | 10 adet ham haber çekildi
2026-06-12 19:48:37,593 | INFO | 10 adet filtrelenmiş haber kaydedildi
2026-06-12 19:48:37,593 | INFO | Arşiv JSON oluşturuldu: C:\Users\korhan.ors\Desktop\Flashdisk Korhan\GitHub\arsiv\Projeler\AI Haber Yayın Sistemi\ai-news-system\data\raw\2026-06-12-news.json
2026-06-12 19:48:37,593 | INFO | Arşiv TXT oluşturuldu: C:\Users\korhan.ors\Desktop\Flashdisk Korhan\GitHub\arsiv\Projeler\AI Haber Yayın Sistemi\ai-news-system\outputs\scripts\2026-06-12-script.txt
2026-06-12 19:48:37,593 | INFO | Yayın metni oluşturuldu
2026-06-12 19:49:23,832 | INFO | Uygulama başlatıldı
2026-06-12 19:49:23,833 | INFO | RSS çekiliyor: BBC Türkçe
2026-06-12 19:49:24,124 | INFO | RSS tamamlandı: BBC Türkçe
2026-06-12 19:49:24,127 | INFO | 10 adet ham haber çekildi
2026-06-12 19:49:24,127 | INFO | 10 adet filtrelenmiş haber kaydedildi
2026-06-12 19:49:24,127 | INFO | Arşiv JSON oluşturuldu: C:\Users\korhan.ors\Desktop\Flashdisk Korhan\GitHub\arsiv\Projeler\AI Haber Yayın Sistemi\ai-news-system\data\raw\2026-06-12-news.json
2026-06-12 19:49:24,127 | INFO | Arşiv TXT oluşturuldu: C:\Users\korhan.ors\Desktop\Flashdisk Korhan\GitHub\arsiv\Projeler\AI Haber Yayın Sistemi\ai-news-system\outputs\scripts\2026-06-12-script.txt
2026-06-12 19:49:24,127 | INFO | Yayın metni oluşturuldu
2026-06-12 19:51:31,992 | INFO | Uygulama başlatıldı
2026-06-12 19:51:31,992 | INFO | RSS çekiliyor: BBC Türkçe
2026-06-12 19:51:32,243 | INFO | RSS tamamlandı: BBC Türkçe
2026-06-12 19:51:32,245 | INFO | 10 adet ham haber çekildi
2026-06-12 19:51:32,245 | INFO | 10 adet filtrelenmiş haber kaydedildi
2026-06-12 19:51:32,245 | INFO | Arşiv JSON oluşturuldu: C:\Users\korhan.ors\Desktop\Flashdisk Korhan\GitHub\arsiv\Projeler\AI Haber Yayın Sistemi\ai-news-system\data\raw\2026-06-12-news.json
2026-06-12 19:51:32,245 | INFO | Arşiv TXT oluşturuldu: C:\Users\korhan.ors\Desktop\Flashdisk Korhan\GitHub\arsiv\Projeler\AI Haber Yayın Sistemi\ai-news-system\outputs\scripts\2026-06-12-script.txt
2026-06-12 19:51:32,245 | INFO | Yayın metni oluşturuldu
2026-06-12 19:52:27,750 | INFO | Uygulama başlatıldı
2026-06-12 19:52:27,751 | INFO | RSS çekiliyor: BBC Türkçe
2026-06-12 19:52:27,987 | INFO | RSS tamamlandı: BBC Türkçe
2026-06-12 19:52:27,990 | INFO | 10 adet ham haber çekildi
2026-06-12 19:52:27,990 | INFO | 10 adet filtrelenmiş haber kaydedildi
2026-06-12 19:52:27,990 | INFO | Arşiv JSON oluşturuldu: C:\Users\korhan.ors\Desktop\Flashdisk Korhan\GitHub\arsiv\Projeler\AI Haber Yayın Sistemi\ai-news-system\data\raw\2026-06-12-news.json
2026-06-12 19:52:27,990 | INFO | Arşiv TXT oluşturuldu: C:\Users\korhan.ors\Desktop\Flashdisk Korhan\GitHub\arsiv\Projeler\AI Haber Yayın Sistemi\ai-news-system\outputs\scripts\2026-06-12-script.txt
2026-06-12 19:52:27,990 | INFO | Yayın metni oluşturuldu
2026-06-12 19:54:55,112 | INFO | Uygulama başlatıldı
2026-06-12 19:54:55,112 | INFO | RSS çekiliyor: BBC Türkçe
2026-06-12 19:54:55,385 | INFO | RSS tamamlandı: BBC Türkçe
2026-06-12 19:54:55,388 | INFO | 10 adet ham haber çekildi
2026-06-12 19:54:55,388 | INFO | 10 adet filtrelenmiş haber kaydedildi
2026-06-12 19:54:55,388 | INFO | Arşiv JSON oluşturuldu: C:\Users\korhan.ors\Desktop\Flashdisk Korhan\GitHub\arsiv\Projeler\AI Haber Yayın Sistemi\ai-news-system\data\raw\2026-06-12-news.json
2026-06-12 19:54:55,388 | INFO | Arşiv TXT oluşturuldu: C:\Users\korhan.ors\Desktop\Flashdisk Korhan\GitHub\arsiv\Projeler\AI Haber Yayın Sistemi\ai-news-system\outputs\scripts\2026-06-12-script.txt
2026-06-12 19:54:55,388 | INFO | Yayın metni oluşturuldu
2026-06-12 19:56:56,280 | INFO | Uygulama başlatıldı
2026-06-12 19:56:56,281 | INFO | RSS çekiliyor: BBC Türkçe
2026-06-12 19:56:56,540 | INFO | RSS tamamlandı: BBC Türkçe
2026-06-12 19:56:56,540 | INFO | RSS tamamlandı: BBC Türkçe
2026-06-12 19:56:56,540 | INFO | RSS çekiliyor: TRT Haber
2026-06-12 19:56:56,887 | INFO | RSS tamamlandı: TRT Haber
2026-06-12 19:56:56,887 | INFO | RSS tamamlandı: TRT Haber
2026-06-12 19:56:56,887 | INFO | RSS çekiliyor: Anadolu Ajansı
2026-06-12 19:56:57,092 | INFO | RSS tamamlandı: Anadolu Ajansı
2026-06-12 19:56:57,093 | INFO | RSS tamamlandı: Anadolu Ajansı
2026-06-12 19:56:57,096 | INFO | 10 adet ham haber çekildi
2026-06-12 19:56:57,096 | INFO | 10 adet filtrelenmiş haber kaydedildi
2026-06-12 19:56:57,096 | INFO | Arşiv JSON oluşturuldu: C:\Users\korhan.ors\Desktop\Flashdisk Korhan\GitHub\arsiv\Projeler\AI Haber Yayın Sistemi\ai-news-system\data\raw\2026-06-12-news.json
2026-06-12 19:56:57,096 | INFO | Arşiv TXT oluşturuldu: C:\Users\korhan.ors\Desktop\Flashdisk Korhan\GitHub\arsiv\Projeler\AI Haber Yayın Sistemi\ai-news-system\outputs\scripts\2026-06-12-script.txt
2026-06-12 19:56:57,096 | INFO | Yayın metni oluşturuldu
2026-06-12 19:58:09,453 | INFO | Uygulama başlatıldı
2026-06-12 19:58:09,453 | INFO | RSS çekiliyor: BBC Türkçe
2026-06-12 19:58:09,693 | INFO | RSS tamamlandı: BBC Türkçe
2026-06-12 19:58:09,693 | INFO | RSS tamamlandı: BBC Türkçe
2026-06-12 19:58:09,693 | INFO | RSS çekiliyor: TRT Haber
2026-06-12 19:58:09,990 | INFO | RSS tamamlandı: TRT Haber
2026-06-12 19:58:09,990 | INFO | RSS tamamlandı: TRT Haber
2026-06-12 19:58:09,990 | INFO | RSS çekiliyor: Anadolu Ajansı
2026-06-12 19:58:10,181 | INFO | RSS tamamlandı: Anadolu Ajansı
2026-06-12 19:58:10,181 | INFO | RSS tamamlandı: Anadolu Ajansı
2026-06-12 19:58:10,184 | INFO | 10 adet ham haber çekildi
2026-06-12 19:58:10,184 | INFO | 10 adet filtrelenmiş haber kaydedildi
2026-06-12 19:58:10,184 | INFO | Arşiv JSON oluşturuldu: C:\Users\korhan.ors\Desktop\Flashdisk Korhan\GitHub\arsiv\Projeler\AI Haber Yayın Sistemi\ai-news-system\data\raw\2026-06-12-news.json
2026-06-12 19:58:10,184 | INFO | Arşiv TXT oluşturuldu: C:\Users\korhan.ors\Desktop\Flashdisk Korhan\GitHub\arsiv\Projeler\AI Haber Yayın Sistemi\ai-news-system\outputs\scripts\2026-06-12-script.txt
2026-06-12 19:58:10,184 | INFO | Yayın metni oluşturuldu
2026-06-12 19:58:43,421 | INFO | Uygulama başlatıldı
2026-06-12 19:58:43,421 | INFO | RSS çekiliyor: BBC Türkçe
2026-06-12 19:58:43,686 | INFO | RSS tamamlandı: BBC Türkçe
2026-06-12 19:58:43,686 | INFO | RSS tamamlandı: BBC Türkçe
2026-06-12 19:58:43,686 | INFO | RSS çekiliyor: TRT Haber
2026-06-12 19:58:44,161 | INFO | RSS tamamlandı: TRT Haber
2026-06-12 19:58:44,161 | INFO | RSS tamamlandı: TRT Haber
2026-06-12 19:58:44,161 | INFO | RSS çekiliyor: Anadolu Ajansı
2026-06-12 19:58:44,390 | INFO | RSS tamamlandı: Anadolu Ajansı
2026-06-12 19:58:44,391 | INFO | RSS tamamlandı: Anadolu Ajansı
2026-06-12 19:58:44,397 | INFO | 20 adet ham haber çekildi
2026-06-12 19:58:44,397 | INFO | 20 adet filtrelenmiş haber kaydedildi
2026-06-12 19:58:44,397 | INFO | Arşiv JSON oluşturuldu: C:\Users\korhan.ors\Desktop\Flashdisk Korhan\GitHub\arsiv\Projeler\AI Haber Yayın Sistemi\ai-news-system\data\raw\2026-06-12-news.json
2026-06-12 19:58:44,397 | INFO | Arşiv TXT oluşturuldu: C:\Users\korhan.ors\Desktop\Flashdisk Korhan\GitHub\arsiv\Projeler\AI Haber Yayın Sistemi\ai-news-system\outputs\scripts\2026-06-12-script.txt
2026-06-12 19:58:44,397 | INFO | Yayın metni oluşturuldu
2026-06-13 09:28:42,212 | INFO | Uygulama başlatıldı
2026-06-13 09:28:42,214 | INFO | RSS çekiliyor: BBC Türkçe
2026-06-13 09:28:42,640 | INFO | RSS tamamlandı: BBC Türkçe
2026-06-13 09:28:42,645 | INFO | RSS tamamlandı: BBC Türkçe
2026-06-13 09:28:42,645 | INFO | RSS çekiliyor: TRT Haber
2026-06-13 09:28:43,180 | INFO | RSS tamamlandı: TRT Haber
2026-06-13 09:28:43,181 | INFO | RSS tamamlandı: TRT Haber
2026-06-13 09:28:43,181 | INFO | RSS çekiliyor: Anadolu Ajansı
2026-06-13 09:28:43,591 | INFO | RSS tamamlandı: Anadolu Ajansı
2026-06-13 09:28:43,614 | INFO | RSS tamamlandı: Anadolu Ajansı
2026-06-13 09:28:43,621 | INFO | 20 adet ham haber çekildi
2026-06-13 09:28:43,621 | INFO | 20 adet filtrelenmiş haber kaydedildi
2026-06-13 09:28:43,621 | INFO | Arşiv JSON oluşturuldu: C:\Users\korhan.ors\Desktop\Flashdisk Korhan\GitHub\arsiv\Projeler\AI Haber Yayın Sistemi\ai-news-system\data\raw\2026-06-13-news.json
2026-06-13 09:28:43,621 | INFO | Arşiv TXT oluşturuldu: C:\Users\korhan.ors\Desktop\Flashdisk Korhan\GitHub\arsiv\Projeler\AI Haber Yayın Sistemi\ai-news-system\outputs\scripts\2026-06-13-script.txt
2026-06-13 09:28:43,621 | INFO | Yayın metni oluşturuldu
2026-06-16 15:03:16,134 | INFO | Uygulama başlatıldı
2026-06-16 15:03:16,135 | INFO | RSS çekiliyor: BBC Türkçe
2026-06-16 15:03:16,592 | INFO | RSS tamamlandı: BBC Türkçe
2026-06-16 15:03:16,592 | INFO | RSS tamamlandı: BBC Türkçe
2026-06-16 15:03:16,593 | INFO | RSS çekiliyor: TRT Haber
2026-06-16 15:03:17,067 | INFO | RSS tamamlandı: TRT Haber
2026-06-16 15:03:17,067 | INFO | RSS tamamlandı: TRT Haber
2026-06-16 15:03:17,068 | INFO | RSS çekiliyor: Anadolu Ajansı
2026-06-16 15:03:17,478 | INFO | RSS tamamlandı: Anadolu Ajansı
2026-06-16 15:03:17,480 | INFO | RSS tamamlandı: Anadolu Ajansı
2026-06-16 15:03:17,484 | INFO | 20 adet ham haber çekildi
2026-06-16 15:03:17,484 | INFO | 20 adet filtrelenmiş haber kaydedildi
2026-06-16 15:03:17,484 | INFO | Arşiv JSON oluşturuldu: C:\Users\korhan.ors\Desktop\Flashdisk Korhan\GitHub\arsiv\Projeler\AI Haber Yayın Sistemi\ai-news-system\data\raw\2026-06-16-news.json
2026-06-16 15:03:17,484 | INFO | Arşiv TXT oluşturuldu: C:\Users\korhan.ors\Desktop\Flashdisk Korhan\GitHub\arsiv\Projeler\AI Haber Yayın Sistemi\ai-news-system\outputs\scripts\2026-06-16-script.txt
2026-06-16 15:03:17,484 | INFO | Yayın metni oluşturuldu
2026-06-16 15:05:57,375 | INFO | Uygulama başlatıldı
2026-06-16 15:05:57,376 | INFO | RSS çekiliyor: BBC Türkçe
2026-06-16 15:05:57,580 | INFO | RSS tamamlandı: BBC Türkçe
2026-06-16 15:05:57,580 | INFO | RSS tamamlandı: BBC Türkçe
2026-06-16 15:05:57,580 | INFO | RSS çekiliyor: TRT Haber
2026-06-16 15:05:57,880 | INFO | RSS tamamlandı: TRT Haber
2026-06-16 15:05:57,880 | INFO | RSS tamamlandı: TRT Haber
2026-06-16 15:05:57,880 | INFO | RSS çekiliyor: Anadolu Ajansı
2026-06-16 15:05:58,095 | INFO | RSS tamamlandı: Anadolu Ajansı
2026-06-16 15:05:58,096 | INFO | RSS tamamlandı: Anadolu Ajansı
2026-06-16 15:05:58,098 | INFO | 20 adet ham haber çekildi
2026-06-16 15:05:58,098 | INFO | 20 adet filtrelenmiş haber kaydedildi
2026-06-16 15:05:58,098 | INFO | Arşiv JSON oluşturuldu: C:\Users\korhan.ors\Desktop\Flashdisk Korhan\GitHub\arsiv\Projeler\AI Haber Yayın Sistemi\ai-news-system\data\raw\2026-06-16-news.json
2026-06-16 15:05:58,098 | INFO | Arşiv TXT oluşturuldu: C:\Users\korhan.ors\Desktop\Flashdisk Korhan\GitHub\arsiv\Projeler\AI Haber Yayın Sistemi\ai-news-system\outputs\scripts\2026-06-16-script.txt
2026-06-16 15:05:58,098 | INFO | Yayın metni oluşturuldu
2026-06-16 15:10:10,097 | INFO | Uygulama başlatıldı
2026-06-16 15:10:10,097 | INFO | RSS çekiliyor: BBC Türkçe
2026-06-16 15:10:10,235 | INFO | RSS tamamlandı: BBC Türkçe
2026-06-16 15:10:10,235 | INFO | RSS tamamlandı: BBC Türkçe
2026-06-16 15:10:10,235 | INFO | RSS çekiliyor: TRT Haber
2026-06-16 15:10:10,571 | INFO | RSS tamamlandı: TRT Haber
2026-06-16 15:10:10,571 | INFO | RSS tamamlandı: TRT Haber
2026-06-16 15:10:10,571 | INFO | RSS çekiliyor: Anadolu Ajansı
2026-06-16 15:10:10,848 | INFO | RSS tamamlandı: Anadolu Ajansı
2026-06-16 15:10:10,848 | INFO | RSS tamamlandı: Anadolu Ajansı
2026-06-16 15:10:10,852 | INFO | 20 adet ham haber çekildi
2026-06-16 15:10:10,852 | INFO | 20 adet filtrelenmiş haber kaydedildi
2026-06-16 15:10:10,852 | INFO | Arşiv JSON oluşturuldu: C:\Users\korhan.ors\Desktop\Flashdisk Korhan\GitHub\arsiv\Projeler\AI Haber Yayın Sistemi\ai-news-system\data\raw\2026-06-16-news.json
2026-06-16 15:10:10,852 | INFO | Arşiv TXT oluşturuldu: C:\Users\korhan.ors\Desktop\Flashdisk Korhan\GitHub\arsiv\Projeler\AI Haber Yayın Sistemi\ai-news-system\outputs\scripts\2026-06-16-script.txt
2026-06-16 15:10:10,852 | INFO | Yayın metni oluşturuldu
2026-06-16 16:28:08,012 | INFO | Uygulama başlatıldı
2026-06-16 16:28:08,013 | INFO | RSS çekiliyor: BBC Türkçe
2026-06-16 16:28:08,391 | INFO | RSS tamamlandı: BBC Türkçe
2026-06-16 16:28:08,391 | INFO | RSS tamamlandı: BBC Türkçe
2026-06-16 16:28:08,392 | INFO | RSS çekiliyor: TRT Haber
2026-06-16 16:28:08,988 | INFO | RSS tamamlandı: TRT Haber
2026-06-16 16:28:08,988 | INFO | RSS tamamlandı: TRT Haber
2026-06-16 16:28:08,988 | INFO | RSS çekiliyor: Anadolu Ajansı
2026-06-16 16:28:09,650 | INFO | RSS tamamlandı: Anadolu Ajansı
2026-06-16 16:28:09,650 | INFO | RSS tamamlandı: Anadolu Ajansı
2026-06-16 16:28:09,654 | INFO | 20 adet ham haber çekildi
2026-06-16 16:28:09,654 | INFO | 20 adet filtrelenmiş haber kaydedildi
2026-06-16 16:28:09,654 | INFO | Arşiv JSON oluşturuldu: C:\Users\korhan.ors\Desktop\Flashdisk Korhan\GitHub\arsiv\Projeler\AI Haber Yayın Sistemi\ai-news-system\data\raw\2026-06-16-news.json
2026-06-16 16:28:09,654 | INFO | Arşiv TXT oluşturuldu: C:\Users\korhan.ors\Desktop\Flashdisk Korhan\GitHub\arsiv\Projeler\AI Haber Yayın Sistemi\ai-news-system\outputs\scripts\2026-06-16-script.txt
2026-06-16 16:28:09,654 | INFO | Yayın metni oluşturuldu
2026-06-17 10:59:25,119 | INFO | Uygulama başlatıldı
2026-06-17 10:59:25,120 | INFO | RSS çekiliyor: BBC Türkçe
2026-06-17 10:59:25,639 | INFO | RSS tamamlandı: BBC Türkçe
2026-06-17 10:59:25,639 | INFO | RSS tamamlandı: BBC Türkçe
2026-06-17 10:59:25,640 | INFO | RSS çekiliyor: TRT Haber
2026-06-17 10:59:26,200 | INFO | RSS tamamlandı: TRT Haber
2026-06-17 10:59:26,200 | INFO | RSS tamamlandı: TRT Haber
2026-06-17 10:59:26,200 | INFO | RSS çekiliyor: Anadolu Ajansı
2026-06-17 10:59:26,619 | INFO | RSS tamamlandı: Anadolu Ajansı
2026-06-17 10:59:26,619 | INFO | RSS tamamlandı: Anadolu Ajansı
2026-06-17 10:59:26,624 | INFO | 20 adet ham haber çekildi
2026-06-17 10:59:26,624 | INFO | 20 adet filtrelenmiş haber kaydedildi
2026-06-17 10:59:26,624 | INFO | Arşiv JSON oluşturuldu: C:\Users\korhan.ors\Desktop\Flashdisk Korhan\GitHub\arsiv\Projeler\AI Haber Yayın Sistemi\ai-news-system\data\raw\2026-06-17-news.json
2026-06-17 10:59:26,624 | INFO | Arşiv TXT oluşturuldu: C:\Users\korhan.ors\Desktop\Flashdisk Korhan\GitHub\arsiv\Projeler\AI Haber Yayın Sistemi\ai-news-system\outputs\scripts\2026-06-17-script.txt
2026-06-17 10:59:26,624 | INFO | Yayın metni oluşturuldu
2026-06-17 11:07:16,315 | INFO | Uygulama başlatıldı
2026-06-17 11:07:16,315 | INFO | RSS çekiliyor: BBC Türkçe
2026-06-17 11:07:16,624 | INFO | RSS tamamlandı: BBC Türkçe
2026-06-17 11:07:16,624 | INFO | RSS tamamlandı: BBC Türkçe
2026-06-17 11:07:16,624 | INFO | RSS çekiliyor: TRT Haber
2026-06-17 11:07:17,233 | INFO | RSS tamamlandı: TRT Haber
2026-06-17 11:07:17,233 | INFO | RSS tamamlandı: TRT Haber
2026-06-17 11:07:17,233 | INFO | RSS çekiliyor: Anadolu Ajansı
2026-06-17 11:07:17,682 | INFO | RSS tamamlandı: Anadolu Ajansı
2026-06-17 11:07:17,682 | INFO | RSS tamamlandı: Anadolu Ajansı
2026-06-17 11:07:17,686 | INFO | 20 adet ham haber çekildi
2026-06-17 11:07:17,686 | INFO | 20 adet filtrelenmiş haber kaydedildi
2026-06-17 11:07:17,686 | INFO | Arşiv JSON oluşturuldu: C:\Users\korhan.ors\Desktop\Flashdisk Korhan\GitHub\arsiv\Projeler\AI Haber Yayın Sistemi\ai-news-system\data\raw\2026-06-17-news.json
2026-06-17 11:07:17,686 | INFO | Arşiv TXT oluşturuldu: C:\Users\korhan.ors\Desktop\Flashdisk Korhan\GitHub\arsiv\Projeler\AI Haber Yayın Sistemi\ai-news-system\outputs\scripts\2026-06-17-script.txt
2026-06-17 11:07:17,687 | INFO | Yayın metni oluşturuldu
2026-06-17 11:12:45,917 | INFO | Uygulama başlatıldı
2026-06-17 11:12:45,917 | INFO | RSS çekiliyor: BBC Türkçe
2026-06-17 11:12:46,202 | INFO | RSS tamamlandı: BBC Türkçe
2026-06-17 11:12:46,202 | INFO | RSS tamamlandı: BBC Türkçe
2026-06-17 11:12:46,202 | INFO | RSS çekiliyor: TRT Haber
2026-06-17 11:12:46,810 | INFO | RSS tamamlandı: TRT Haber
2026-06-17 11:12:46,810 | INFO | RSS tamamlandı: TRT Haber
2026-06-17 11:12:46,810 | INFO | RSS çekiliyor: Anadolu Ajansı
2026-06-17 11:12:47,288 | INFO | RSS tamamlandı: Anadolu Ajansı
2026-06-17 11:12:47,289 | INFO | RSS tamamlandı: Anadolu Ajansı
2026-06-17 11:12:47,295 | INFO | 20 adet ham haber çekildi
2026-06-17 11:12:47,295 | INFO | 20 adet filtrelenmiş haber kaydedildi
2026-06-17 11:12:47,295 | INFO | Arşiv JSON oluşturuldu: C:\Users\korhan.ors\Desktop\Flashdisk Korhan\GitHub\arsiv\Projeler\AI Haber Yayın Sistemi\ai-news-system\data\raw\2026-06-17-news.json
2026-06-17 11:12:47,295 | INFO | Arşiv TXT oluşturuldu: C:\Users\korhan.ors\Desktop\Flashdisk Korhan\GitHub\arsiv\Projeler\AI Haber Yayın Sistemi\ai-news-system\outputs\scripts\2026-06-17-script.txt
2026-06-17 11:12:47,295 | INFO | Yayın metni oluşturuldu
2026-06-17 11:21:23,377 | INFO | Uygulama başlatıldı
2026-06-17 11:21:23,377 | INFO | RSS çekiliyor: BBC Türkçe
2026-06-17 11:21:23,706 | INFO | RSS tamamlandı: BBC Türkçe
2026-06-17 11:21:23,707 | INFO | RSS tamamlandı: BBC Türkçe
2026-06-17 11:21:23,707 | INFO | RSS çekiliyor: TRT Haber
2026-06-17 11:21:24,256 | INFO | RSS tamamlandı: TRT Haber
2026-06-17 11:21:24,257 | INFO | RSS tamamlandı: TRT Haber
2026-06-17 11:21:24,257 | INFO | RSS çekiliyor: Anadolu Ajansı
2026-06-17 11:21:24,626 | INFO | RSS tamamlandı: Anadolu Ajansı
2026-06-17 11:21:24,626 | INFO | RSS tamamlandı: Anadolu Ajansı
2026-06-17 11:21:24,629 | INFO | 20 adet ham haber çekildi
2026-06-17 11:21:24,630 | INFO | 20 adet filtrelenmiş haber kaydedildi
2026-06-17 11:21:24,630 | INFO | Arşiv JSON oluşturuldu: C:\Users\korhan.ors\Desktop\Flashdisk Korhan\GitHub\arsiv\Projeler\AI Haber Yayın Sistemi\ai-news-system\data\raw\2026-06-17-news.json
2026-06-17 11:21:24,630 | INFO | Arşiv TXT oluşturuldu: C:\Users\korhan.ors\Desktop\Flashdisk Korhan\GitHub\arsiv\Projeler\AI Haber Yayın Sistemi\ai-news-system\outputs\scripts\2026-06-17-script.txt
2026-06-17 11:21:24,630 | INFO | Yayın metni oluşturuldu
2026-06-17 11:36:59,868 | INFO | Uygulama başlatıldı
2026-06-17 11:36:59,868 | INFO | RSS çekiliyor: BBC Türkçe
2026-06-17 11:37:00,147 | INFO | RSS tamamlandı: BBC Türkçe
2026-06-17 11:37:00,148 | INFO | RSS tamamlandı: BBC Türkçe
2026-06-17 11:37:00,148 | INFO | RSS çekiliyor: TRT Haber
2026-06-17 11:37:00,690 | INFO | RSS tamamlandı: TRT Haber
2026-06-17 11:37:00,690 | INFO | RSS tamamlandı: TRT Haber
2026-06-17 11:37:00,690 | INFO | RSS çekiliyor: Anadolu Ajansı
2026-06-17 11:37:01,122 | INFO | RSS tamamlandı: Anadolu Ajansı
2026-06-17 11:37:01,122 | INFO | RSS tamamlandı: Anadolu Ajansı
2026-06-17 11:37:01,130 | INFO | 20 adet ham haber çekildi
2026-06-17 11:37:01,130 | INFO | 20 adet filtrelenmiş haber kaydedildi
2026-06-17 11:37:01,130 | INFO | Arşiv JSON oluşturuldu: C:\Users\korhan.ors\Desktop\Flashdisk Korhan\GitHub\arsiv\Projeler\AI Haber Yayın Sistemi\ai-news-system\data\raw\2026-06-17-news.json
2026-06-17 11:37:01,130 | INFO | Arşiv TXT oluşturuldu: C:\Users\korhan.ors\Desktop\Flashdisk Korhan\GitHub\arsiv\Projeler\AI Haber Yayın Sistemi\ai-news-system\outputs\scripts\2026-06-17-script.txt
2026-06-17 11:37:01,130 | INFO | Yayın metni oluşturuldu
2026-06-17 11:43:28,577 | INFO | Uygulama başlatıldı
2026-06-17 11:43:28,578 | INFO | RSS çekiliyor: BBC Türkçe
2026-06-17 11:43:28,857 | INFO | RSS tamamlandı: BBC Türkçe
2026-06-17 11:43:28,858 | INFO | RSS tamamlandı: BBC Türkçe
2026-06-17 11:43:28,858 | INFO | RSS çekiliyor: TRT Haber
2026-06-17 11:43:29,474 | INFO | RSS tamamlandı: TRT Haber
2026-06-17 11:43:29,474 | INFO | RSS tamamlandı: TRT Haber
2026-06-17 11:43:29,474 | INFO | RSS çekiliyor: Anadolu Ajansı
2026-06-17 11:43:29,955 | INFO | RSS tamamlandı: Anadolu Ajansı
2026-06-17 11:43:29,956 | INFO | RSS tamamlandı: Anadolu Ajansı
2026-06-17 11:44:16,099 | INFO | Uygulama başlatıldı
2026-06-17 11:44:16,100 | INFO | RSS çekiliyor: BBC Türkçe
2026-06-17 11:44:16,433 | INFO | RSS tamamlandı: BBC Türkçe
2026-06-17 11:44:16,433 | INFO | RSS tamamlandı: BBC Türkçe
2026-06-17 11:44:16,433 | INFO | RSS çekiliyor: TRT Haber
2026-06-17 11:44:16,929 | INFO | RSS tamamlandı: TRT Haber
2026-06-17 11:44:16,929 | INFO | RSS tamamlandı: TRT Haber
2026-06-17 11:44:16,929 | INFO | RSS çekiliyor: Anadolu Ajansı
2026-06-17 11:44:17,251 | INFO | RSS tamamlandı: Anadolu Ajansı
2026-06-17 11:44:17,251 | INFO | RSS tamamlandı: Anadolu Ajansı
2026-06-17 11:46:25,313 | INFO | Uygulama başlatıldı
2026-06-17 11:46:25,314 | INFO | RSS çekiliyor: BBC Türkçe
2026-06-17 11:46:25,699 | INFO | RSS tamamlandı: BBC Türkçe
2026-06-17 11:46:25,699 | INFO | RSS tamamlandı: BBC Türkçe
2026-06-17 11:46:25,699 | INFO | RSS çekiliyor: TRT Haber
2026-06-17 11:46:26,181 | INFO | RSS tamamlandı: TRT Haber
2026-06-17 11:46:26,182 | INFO | RSS tamamlandı: TRT Haber
2026-06-17 11:46:26,182 | INFO | RSS çekiliyor: Anadolu Ajansı
2026-06-17 11:46:26,530 | INFO | RSS tamamlandı: Anadolu Ajansı
2026-06-17 11:46:26,530 | INFO | RSS tamamlandı: Anadolu Ajansı
2026-06-17 11:46:26,541 | INFO | 20 adet ham haber çekildi
2026-06-17 11:46:26,541 | INFO | 20 adet filtrelenmiş haber kaydedildi
2026-06-17 11:46:26,542 | INFO | Arşiv JSON oluşturuldu: C:\Users\korhan.ors\Desktop\Flashdisk Korhan\GitHub\arsiv\Projeler\AI Haber Yayın Sistemi\ai-news-system\data\raw\2026-06-17-news.json
2026-06-17 11:46:26,542 | INFO | Arşiv TXT oluşturuldu: C:\Users\korhan.ors\Desktop\Flashdisk Korhan\GitHub\arsiv\Projeler\AI Haber Yayın Sistemi\ai-news-system\outputs\scripts\2026-06-17-script.txt
2026-06-17 11:46:26,542 | INFO | Yayın metni oluşturuldu
2026-06-17 11:58:49,661 | INFO | Uygulama başlatıldı
2026-06-17 11:58:49,662 | INFO | RSS çekiliyor: BBC Türkçe
2026-06-17 11:58:50,031 | INFO | RSS tamamlandı: BBC Türkçe
2026-06-17 11:58:50,032 | INFO | RSS tamamlandı: BBC Türkçe
2026-06-17 11:58:50,032 | INFO | RSS çekiliyor: TRT Haber
2026-06-17 11:58:50,580 | INFO | RSS tamamlandı: TRT Haber
2026-06-17 11:58:50,580 | INFO | RSS tamamlandı: TRT Haber
2026-06-17 11:58:50,580 | INFO | RSS çekiliyor: Anadolu Ajansı
2026-06-17 11:58:51,025 | INFO | RSS tamamlandı: Anadolu Ajansı
2026-06-17 11:58:51,025 | INFO | RSS tamamlandı: Anadolu Ajansı
2026-06-17 11:58:51,033 | INFO | 20 adet ham haber çekildi
2026-06-17 11:58:51,033 | INFO | 20 adet filtrelenmiş haber kaydedildi
2026-06-17 11:58:51,033 | INFO | Arşiv JSON oluşturuldu: C:\Users\korhan.ors\Desktop\Flashdisk Korhan\GitHub\arsiv\Projeler\AI Haber Yayın Sistemi\ai-news-system\data\raw\2026-06-17-news.json
2026-06-17 11:58:51,033 | INFO | Arşiv TXT oluşturuldu: C:\Users\korhan.ors\Desktop\Flashdisk Korhan\GitHub\arsiv\Projeler\AI Haber Yayın Sistemi\ai-news-system\outputs\scripts\2026-06-17-script.txt
2026-06-17 11:58:51,033 | INFO | Yayın metni oluşturuldu
2026-06-17 12:00:29,478 | INFO | Uygulama başlatıldı
2026-06-17 12:00:29,479 | INFO | RSS çekiliyor: BBC Türkçe
2026-06-17 12:00:29,729 | INFO | RSS tamamlandı: BBC Türkçe
2026-06-17 12:00:29,729 | INFO | RSS tamamlandı: BBC Türkçe
2026-06-17 12:00:29,729 | INFO | RSS çekiliyor: TRT Haber
2026-06-17 12:00:30,408 | INFO | RSS tamamlandı: TRT Haber
2026-06-17 12:00:30,409 | INFO | RSS tamamlandı: TRT Haber
2026-06-17 12:00:30,409 | INFO | RSS çekiliyor: Anadolu Ajansı
2026-06-17 12:00:30,757 | INFO | RSS tamamlandı: Anadolu Ajansı
2026-06-17 12:00:30,757 | INFO | RSS tamamlandı: Anadolu Ajansı
2026-06-17 12:00:30,765 | INFO | 20 adet ham haber çekildi
2026-06-17 12:00:30,765 | INFO | 20 adet filtrelenmiş haber kaydedildi
2026-06-17 12:00:30,765 | INFO | Arşiv JSON oluşturuldu: C:\Users\korhan.ors\Desktop\Flashdisk Korhan\GitHub\arsiv\Projeler\AI Haber Yayın Sistemi\ai-news-system\data\raw\2026-06-17-news.json
2026-06-17 12:00:30,765 | INFO | Arşiv TXT oluşturuldu: C:\Users\korhan.ors\Desktop\Flashdisk Korhan\GitHub\arsiv\Projeler\AI Haber Yayın Sistemi\ai-news-system\outputs\scripts\2026-06-17-script.txt
2026-06-17 12:00:30,765 | INFO | Yayın metni oluşturuldu
2026-06-17 13:08:12,484 | INFO | Uygulama başlatıldı
2026-06-17 13:08:12,485 | INFO | RSS çekiliyor: BBC Türkçe
2026-06-17 13:08:12,778 | INFO | RSS tamamlandı: BBC Türkçe
2026-06-17 13:08:12,778 | INFO | RSS tamamlandı: BBC Türkçe
2026-06-17 13:08:12,778 | INFO | RSS çekiliyor: TRT Haber
2026-06-17 13:08:13,482 | INFO | RSS tamamlandı: TRT Haber
2026-06-17 13:08:13,482 | INFO | RSS tamamlandı: TRT Haber
2026-06-17 13:08:13,482 | INFO | RSS çekiliyor: Anadolu Ajansı
2026-06-17 13:08:13,920 | INFO | RSS tamamlandı: Anadolu Ajansı
2026-06-17 13:08:13,921 | INFO | RSS tamamlandı: Anadolu Ajansı
2026-06-17 13:08:13,928 | INFO | 20 adet ham haber çekildi
2026-06-17 13:08:13,928 | INFO | 20 adet filtrelenmiş haber kaydedildi
2026-06-17 13:08:13,928 | INFO | Arşiv JSON oluşturuldu: C:\Users\korhan.ors\Desktop\Flashdisk Korhan\GitHub\arsiv\Projeler\AI Haber Yayın Sistemi\ai-news-system\data\raw\2026-06-17-news.json
2026-06-17 13:08:13,928 | INFO | Arşiv TXT oluşturuldu: C:\Users\korhan.ors\Desktop\Flashdisk Korhan\GitHub\arsiv\Projeler\AI Haber Yayın Sistemi\ai-news-system\outputs\scripts\2026-06-17-script.txt
2026-06-17 13:08:13,928 | INFO | Yayın metni oluşturuldu
2026-06-17 13:14:35,532 | INFO | Uygulama başlatıldı
2026-06-17 13:14:35,533 | INFO | RSS çekiliyor: BBC Türkçe
2026-06-17 13:14:36,477 | INFO | RSS tamamlandı: BBC Türkçe
2026-06-17 13:14:36,477 | INFO | RSS tamamlandı: BBC Türkçe
2026-06-17 13:14:36,477 | INFO | RSS çekiliyor: TRT Haber
2026-06-17 13:14:37,194 | INFO | RSS tamamlandı: TRT Haber
2026-06-17 13:14:37,194 | INFO | RSS tamamlandı: TRT Haber
2026-06-17 13:14:37,194 | INFO | RSS çekiliyor: Anadolu Ajansı
2026-06-17 13:14:37,751 | INFO | RSS tamamlandı: Anadolu Ajansı
2026-06-17 13:14:37,751 | INFO | RSS tamamlandı: Anadolu Ajansı
2026-06-17 13:14:37,758 | INFO | 20 adet ham haber çekildi
2026-06-17 13:14:37,758 | INFO | 20 adet filtrelenmiş haber kaydedildi
2026-06-17 13:14:37,759 | INFO | Arşiv JSON oluşturuldu: C:\Users\korhan.ors\Desktop\Flashdisk Korhan\GitHub\arsiv\Projeler\AI Haber Yayın Sistemi\ai-news-system\data\raw\2026-06-17-news.json
2026-06-17 13:14:37,759 | INFO | Arşiv TXT oluşturuldu: C:\Users\korhan.ors\Desktop\Flashdisk Korhan\GitHub\arsiv\Projeler\AI Haber Yayın Sistemi\ai-news-system\outputs\scripts\2026-06-17-script.txt
2026-06-17 13:14:37,759 | INFO | Yayın metni oluşturuldu
2026-06-17 13:17:58,863 | INFO | Uygulama başlatıldı
2026-06-17 13:17:58,863 | INFO | RSS çekiliyor: BBC Türkçe
2026-06-17 13:17:59,380 | INFO | RSS tamamlandı: BBC Türkçe
2026-06-17 13:17:59,380 | INFO | RSS tamamlandı: BBC Türkçe
2026-06-17 13:17:59,381 | INFO | RSS çekiliyor: TRT Haber
2026-06-17 13:17:59,942 | INFO | RSS tamamlandı: TRT Haber
2026-06-17 13:17:59,943 | INFO | RSS tamamlandı: TRT Haber
2026-06-17 13:17:59,943 | INFO | RSS çekiliyor: Anadolu Ajansı
2026-06-17 13:18:00,390 | INFO | RSS tamamlandı: Anadolu Ajansı
2026-06-17 13:18:00,390 | INFO | RSS tamamlandı: Anadolu Ajansı
2026-06-17 13:18:00,398 | INFO | 20 adet ham haber çekildi
2026-06-17 13:18:00,398 | INFO | 20 adet filtrelenmiş haber kaydedildi
2026-06-17 13:18:00,398 | INFO | Arşiv JSON oluşturuldu: C:\Users\korhan.ors\Desktop\Flashdisk Korhan\GitHub\arsiv\Projeler\AI Haber Yayın Sistemi\ai-news-system\data\raw\2026-06-17-news.json
2026-06-17 13:18:00,398 | INFO | Arşiv TXT oluşturuldu: C:\Users\korhan.ors\Desktop\Flashdisk Korhan\GitHub\arsiv\Projeler\AI Haber Yayın Sistemi\ai-news-system\outputs\scripts\2026-06-17-script.txt
2026-06-17 13:18:00,398 | INFO | Yayın metni oluşturuldu
2026-06-17 13:18:42,673 | INFO | Uygulama başlatıldı
2026-06-17 13:18:42,675 | INFO | RSS çekiliyor: BBC Türkçe
2026-06-17 13:18:43,027 | INFO | RSS tamamlandı: BBC Türkçe
2026-06-17 13:18:43,027 | INFO | RSS tamamlandı: BBC Türkçe
2026-06-17 13:18:43,028 | INFO | RSS çekiliyor: TRT Haber
2026-06-17 13:18:43,653 | INFO | RSS tamamlandı: TRT Haber
2026-06-17 13:18:43,653 | INFO | RSS tamamlandı: TRT Haber
2026-06-17 13:18:43,653 | INFO | RSS çekiliyor: Anadolu Ajansı
2026-06-17 13:18:44,018 | INFO | RSS tamamlandı: Anadolu Ajansı
2026-06-17 13:18:44,018 | INFO | RSS tamamlandı: Anadolu Ajansı
2026-06-17 13:18:44,026 | INFO | 20 adet ham haber çekildi
2026-06-17 13:18:44,026 | INFO | 20 adet filtrelenmiş haber kaydedildi
2026-06-17 13:18:44,026 | INFO | Arşiv JSON oluşturuldu: C:\Users\korhan.ors\Desktop\Flashdisk Korhan\GitHub\arsiv\Projeler\AI Haber Yayın Sistemi\ai-news-system\data\raw\2026-06-17-news.json
2026-06-17 13:18:44,027 | INFO | Arşiv TXT oluşturuldu: C:\Users\korhan.ors\Desktop\Flashdisk Korhan\GitHub\arsiv\Projeler\AI Haber Yayın Sistemi\ai-news-system\outputs\scripts\2026-06-17-script.txt
2026-06-17 13:18:44,027 | INFO | Yayın metni oluşturuldu
2026-06-19 13:08:27,450 | INFO | Uygulama başlatıldı
2026-06-19 13:08:27,451 | INFO | RSS çekiliyor: BBC Türkçe
2026-06-19 13:08:27,949 | INFO | RSS tamamlandı: BBC Türkçe
2026-06-19 13:08:27,949 | INFO | RSS tamamlandı: BBC Türkçe
2026-06-19 13:08:27,949 | INFO | RSS çekiliyor: TRT Haber
2026-06-19 13:08:28,454 | INFO | RSS tamamlandı: TRT Haber
2026-06-19 13:08:28,454 | INFO | RSS tamamlandı: TRT Haber
2026-06-19 13:08:28,454 | INFO | RSS çekiliyor: Anadolu Ajansı
2026-06-19 13:08:28,844 | INFO | RSS tamamlandı: Anadolu Ajansı
2026-06-19 13:08:28,845 | INFO | RSS tamamlandı: Anadolu Ajansı
2026-06-19 13:08:28,850 | INFO | 20 adet ham haber çekildi
2026-06-19 13:08:28,850 | INFO | 20 adet filtrelenmiş haber kaydedildi
2026-06-19 13:08:28,850 | INFO | Arşiv JSON oluşturuldu: C:\Users\korhan.ors\Desktop\Flashdisk Korhan\GitHub\arsiv\Projeler\AI Haber Yayın Sistemi\ai-news-system\data\raw\2026-06-19-news.json
2026-06-19 13:08:28,850 | INFO | Arşiv TXT oluşturuldu: C:\Users\korhan.ors\Desktop\Flashdisk Korhan\GitHub\arsiv\Projeler\AI Haber Yayın Sistemi\ai-news-system\outputs\scripts\2026-06-19-script.txt
2026-06-19 13:08:28,850 | INFO | Yayın metni oluşturuldu
2026-06-19 13:16:58,074 | INFO | Uygulama başlatıldı
2026-06-19 13:16:58,074 | INFO | RSS çekiliyor: BBC Türkçe
2026-06-19 13:16:58,240 | INFO | RSS tamamlandı: BBC Türkçe
2026-06-19 13:16:58,241 | INFO | RSS tamamlandı: BBC Türkçe
2026-06-19 13:16:58,241 | INFO | RSS çekiliyor: TRT Haber
2026-06-19 13:16:58,584 | INFO | RSS tamamlandı: TRT Haber
2026-06-19 13:16:58,584 | INFO | RSS tamamlandı: TRT Haber
2026-06-19 13:16:58,584 | INFO | RSS çekiliyor: Anadolu Ajansı
2026-06-19 13:16:58,881 | INFO | RSS tamamlandı: Anadolu Ajansı
2026-06-19 13:16:58,882 | INFO | RSS tamamlandı: Anadolu Ajansı
2026-06-19 13:16:58,886 | INFO | 20 adet ham haber çekildi
2026-06-19 13:16:58,886 | INFO | 20 adet filtrelenmiş haber kaydedildi
2026-06-19 13:16:58,886 | INFO | Arşiv JSON oluşturuldu: C:\Users\korhan.ors\Desktop\Flashdisk Korhan\GitHub\arsiv\Projeler\AI Haber Yayın Sistemi\ai-news-system\data\raw\2026-06-19-news.json
2026-06-19 13:16:58,886 | INFO | Arşiv TXT oluşturuldu: C:\Users\korhan.ors\Desktop\Flashdisk Korhan\GitHub\arsiv\Projeler\AI Haber Yayın Sistemi\ai-news-system\outputs\scripts\2026-06-19-script.txt
2026-06-19 13:16:58,886 | INFO | Yayın metni oluşturuldu
2026-06-19 13:24:23,780 | INFO | Uygulama başlatıldı
2026-06-19 13:24:23,781 | INFO | RSS çekiliyor: BBC Türkçe
2026-06-19 13:24:23,941 | INFO | RSS tamamlandı: BBC Türkçe
2026-06-19 13:24:23,941 | INFO | RSS tamamlandı: BBC Türkçe
2026-06-19 13:24:23,941 | INFO | RSS çekiliyor: TRT Haber
2026-06-19 13:24:24,368 | INFO | RSS tamamlandı: TRT Haber
2026-06-19 13:24:24,368 | INFO | RSS tamamlandı: TRT Haber
2026-06-19 13:24:24,368 | INFO | RSS çekiliyor: Anadolu Ajansı
2026-06-19 13:24:24,701 | INFO | RSS tamamlandı: Anadolu Ajansı
2026-06-19 13:24:24,701 | INFO | RSS tamamlandı: Anadolu Ajansı
2026-06-19 13:24:24,709 | INFO | 20 adet ham haber çekildi
2026-06-19 13:24:24,709 | INFO | 20 adet filtrelenmiş haber kaydedildi
2026-06-19 13:24:24,709 | INFO | Arşiv JSON oluşturuldu: C:\Users\korhan.ors\Desktop\Flashdisk Korhan\GitHub\arsiv\Projeler\AI Haber Yayın Sistemi\ai-news-system\data\raw\2026-06-19-news.json
2026-06-19 13:24:24,709 | INFO | Arşiv TXT oluşturuldu: C:\Users\korhan.ors\Desktop\Flashdisk Korhan\GitHub\arsiv\Projeler\AI Haber Yayın Sistemi\ai-news-system\outputs\scripts\2026-06-19-script.txt
2026-06-19 13:24:24,709 | INFO | Yayın metni oluşturuldu
2026-06-19 13:26:33,730 | INFO | Uygulama başlatıldı
2026-06-19 13:26:33,731 | INFO | RSS çekiliyor: BBC Türkçe
2026-06-19 13:26:33,889 | INFO | RSS tamamlandı: BBC Türkçe
2026-06-19 13:26:33,889 | INFO | RSS tamamlandı: BBC Türkçe
2026-06-19 13:26:33,889 | INFO | RSS çekiliyor: TRT Haber
2026-06-19 13:26:34,256 | INFO | RSS tamamlandı: TRT Haber
2026-06-19 13:26:34,256 | INFO | RSS tamamlandı: TRT Haber
2026-06-19 13:26:34,257 | INFO | RSS çekiliyor: Anadolu Ajansı
2026-06-19 13:26:34,438 | INFO | RSS tamamlandı: Anadolu Ajansı
2026-06-19 13:26:34,438 | INFO | RSS tamamlandı: Anadolu Ajansı
2026-06-19 13:26:34,442 | INFO | 20 adet ham haber çekildi
2026-06-19 13:26:34,442 | INFO | 20 adet filtrelenmiş haber kaydedildi
2026-06-19 13:26:34,442 | INFO | HTML oluşturuldu: C:\Users\korhan.ors\Desktop\Flashdisk Korhan\GitHub\arsiv\Projeler\AI Haber Yayın Sistemi\ai-news-system\outputs\html\index.html
2026-06-19 21:15:21,744 | INFO | Uygulama başlatıldı
2026-06-19 21:15:21,746 | INFO | RSS çekiliyor: BBC Türkçe
2026-06-19 21:15:22,107 | INFO | RSS tamamlandı: BBC Türkçe
2026-06-19 21:15:22,107 | INFO | RSS tamamlandı: BBC Türkçe
2026-06-19 21:15:22,107 | INFO | RSS çekiliyor: TRT Haber
2026-06-19 21:15:22,546 | INFO | RSS tamamlandı: TRT Haber
2026-06-19 21:15:22,546 | INFO | RSS tamamlandı: TRT Haber
2026-06-19 21:15:22,546 | INFO | RSS çekiliyor: Anadolu Ajansı
2026-06-19 21:15:22,718 | INFO | RSS tamamlandı: Anadolu Ajansı
2026-06-19 21:15:22,718 | INFO | RSS tamamlandı: Anadolu Ajansı
2026-06-19 21:15:22,726 | INFO | 20 adet ham haber çekildi
2026-06-19 21:15:22,726 | INFO | 20 adet filtrelenmiş haber kaydedildi
2026-06-19 21:15:22,726 | INFO | HTML oluşturuldu: C:\Users\korhan.ors\Desktop\Flashdisk Korhan\GitHub\arsiv\Projeler\AI Haber Yayın Sistemi\ai-news-system\outputs\html\index.html
2026-06-19 21:25:53,322 | INFO | Uygulama başlatıldı
2026-06-19 21:25:53,322 | INFO | RSS çekiliyor: BBC Türkçe
2026-06-19 21:25:53,584 | INFO | RSS tamamlandı: BBC Türkçe
2026-06-19 21:25:53,584 | INFO | RSS tamamlandı: BBC Türkçe
2026-06-19 21:25:53,584 | INFO | RSS çekiliyor: TRT Haber
2026-06-19 21:25:54,034 | INFO | RSS tamamlandı: TRT Haber
2026-06-19 21:25:54,035 | INFO | RSS tamamlandı: TRT Haber
2026-06-19 21:25:54,035 | INFO | RSS çekiliyor: Anadolu Ajansı
2026-06-19 21:25:54,246 | INFO | RSS tamamlandı: Anadolu Ajansı
2026-06-19 21:25:54,246 | INFO | RSS tamamlandı: Anadolu Ajansı
2026-06-19 21:25:54,253 | INFO | 20 adet ham haber çekildi
2026-06-19 21:25:54,253 | INFO | 20 adet filtrelenmiş haber kaydedildi
2026-06-19 21:25:54,253 | INFO | HTML oluşturuldu: C:\Users\korhan.ors\Desktop\Flashdisk Korhan\GitHub\arsiv\Projeler\AI Haber Yayın Sistemi\ai-news-system\outputs\html\index.html
2026-06-20 21:16:19,557 | INFO | Uygulama başlatıldı
2026-06-20 21:16:19,558 | INFO | RSS çekiliyor: BBC Türkçe
2026-06-20 21:16:19,857 | INFO | RSS tamamlandı: BBC Türkçe
2026-06-20 21:16:19,857 | INFO | RSS tamamlandı: BBC Türkçe
2026-06-20 21:16:19,857 | INFO | RSS çekiliyor: TRT Haber
2026-06-20 21:16:20,379 | INFO | RSS tamamlandı: TRT Haber
2026-06-20 21:16:20,380 | INFO | RSS tamamlandı: TRT Haber
2026-06-20 21:16:20,380 | INFO | RSS çekiliyor: Anadolu Ajansı
2026-06-20 21:16:20,573 | INFO | RSS tamamlandı: Anadolu Ajansı
2026-06-20 21:16:20,573 | INFO | RSS tamamlandı: Anadolu Ajansı
2026-06-20 21:16:20,581 | INFO | 20 adet ham haber çekildi
2026-06-20 21:16:20,581 | INFO | 20 adet filtrelenmiş haber kaydedildi
2026-06-20 21:16:20,581 | INFO | HTML oluşturuldu: C:\Users\korhan.ors\Desktop\Flashdisk Korhan\GitHub\arsiv\Projeler\AI Haber Yayın Sistemi\ai-news-system\outputs\html\index.html
2026-06-20 21:56:54,265 | INFO | Uygulama başlatıldı
2026-06-20 21:56:54,266 | INFO | RSS çekiliyor: BBC Türkçe
2026-06-20 21:56:54,499 | INFO | RSS tamamlandı: BBC Türkçe
2026-06-20 21:56:54,499 | INFO | RSS tamamlandı: BBC Türkçe
2026-06-20 21:56:54,499 | INFO | RSS çekiliyor: TRT Haber
2026-06-20 21:56:55,019 | INFO | RSS tamamlandı: TRT Haber
2026-06-20 21:56:55,019 | INFO | RSS tamamlandı: TRT Haber
2026-06-20 21:56:55,019 | INFO | RSS çekiliyor: Anadolu Ajansı
2026-06-20 21:56:55,185 | INFO | RSS tamamlandı: Anadolu Ajansı
2026-06-20 21:56:55,185 | INFO | RSS tamamlandı: Anadolu Ajansı
2026-06-20 21:56:55,205 | INFO | 20 adet ham haber çekildi
2026-06-20 21:56:55,205 | INFO | 20 adet filtrelenmiş haber kaydedildi
2026-06-20 21:56:55,205 | INFO | HTML oluşturuldu: C:\Users\korhan.ors\Desktop\Flashdisk Korhan\GitHub\arsiv\Projeler\AI Haber Yayın Sistemi\ai-news-system\outputs\html\index.html
2026-06-21 18:58:41,550 | INFO | Uygulama başlatıldı
2026-06-21 18:58:41,552 | INFO | RSS çekiliyor: BBC Türkçe
2026-06-21 18:58:41,856 | INFO | RSS tamamlandı: BBC Türkçe
2026-06-21 18:58:41,857 | INFO | RSS tamamlandı: BBC Türkçe
2026-06-21 18:58:41,857 | INFO | RSS çekiliyor: TRT Haber
2026-06-21 18:58:42,326 | INFO | RSS tamamlandı: TRT Haber
2026-06-21 18:58:42,326 | INFO | RSS tamamlandı: TRT Haber
2026-06-21 18:58:42,326 | INFO | RSS çekiliyor: Anadolu Ajansı
2026-06-21 18:58:42,491 | INFO | RSS tamamlandı: Anadolu Ajansı
2026-06-21 18:58:42,491 | INFO | RSS tamamlandı: Anadolu Ajansı
2026-06-21 18:58:42,495 | INFO | 20 adet ham haber çekildi
2026-06-21 18:58:42,496 | INFO | 20 adet filtrelenmiş haber kaydedildi
2026-06-21 18:58:42,496 | INFO | HTML oluşturuldu: C:\Users\korhan.ors\Desktop\Flashdisk Korhan\GitHub\arsiv\Projeler\AI Haber Yayın Sistemi\ai-news-system\outputs\html\index.html
2026-06-22 08:52:11,766 | INFO | Uygulama başlatıldı
2026-06-22 08:52:11,768 | INFO | RSS çekiliyor: BBC Türkçe
2026-06-22 08:52:12,122 | INFO | RSS tamamlandı: BBC Türkçe
2026-06-22 08:52:12,122 | INFO | RSS tamamlandı: BBC Türkçe
2026-06-22 08:52:12,122 | INFO | RSS çekiliyor: TRT Haber
2026-06-22 08:52:12,625 | INFO | RSS tamamlandı: TRT Haber
2026-06-22 08:52:12,625 | INFO | RSS tamamlandı: TRT Haber
2026-06-22 08:52:12,625 | INFO | RSS çekiliyor: Anadolu Ajansı
2026-06-22 08:52:13,044 | INFO | RSS tamamlandı: Anadolu Ajansı
2026-06-22 08:52:13,045 | INFO | RSS tamamlandı: Anadolu Ajansı
2026-06-22 08:52:13,051 | INFO | 20 adet ham haber çekildi
2026-06-22 08:52:13,051 | INFO | 20 adet filtrelenmiş haber kaydedildi
2026-06-22 08:52:13,051 | INFO | HTML oluşturuldu: C:\Users\korhan.ors\Desktop\Flashdisk Korhan\GitHub\arsiv\Projeler\AI Haber Yayın Sistemi\ai-news-system\outputs\html\index.html
